<?xml version="1.0" encoding="UTF-8"?>
<!-- Generated by org.testng.reporters.JUnitXMLReporter -->
<testsuite ignored="3" hostname="laptop205" failures="0" tests="5" name="Car loan" time="0.048" errors="0" timestamp="01 feb 2023 17:16:16 GMT">
  <testcase classname="tests.LoginApp" name="apiLoginCarLoan" time="0.01"/>
  <testcase classname="tests.LoginApp" name="validationData" time="0.001"/>
  <testcase classname="tests.LoginApp" name="validationData" time="0.002"/>
  <testcase classname="tests.LoginApp" name="validationData" time="0.001"/>
  <testcase classname="tests.LoginApp" name="webLoginCarLoan" time="0.001"/>
  <testcase classname="tests.LoginApp" name="mobileLoginCarLoan" time="0.0">
    <ignored/>
  </testcase> <!-- mobileLoginCarLoan -->
  <testcase classname="tests.LoginApp" name="mobileLogoutCarLoan" time="0.0">
    <ignored/>
  </testcase> <!-- mobileLogoutCarLoan -->
  <testcase classname="tests.LoginApp" name="mobileSignInCarLoan" time="0.0">
    <ignored/>
  </testcase> <!-- mobileSignInCarLoan -->
</testsuite> <!-- Car loan -->
