<?xml version="1.0" encoding="UTF-8"?>
<!-- Generated by org.testng.reporters.JUnitXMLReporter -->
<testsuite ignored="5" hostname="laptop205" failures="0" tests="2" name="Regression" time="0.075" errors="0" timestamp="10 ene 2023 14:14:24 GMT">
  <testcase classname="tests.Basics" name="demo" time="0.019"/>
  <testcase classname="tests.LoginApp" name="mobileSignInCarLoan" time="0.004"/>
  <testcase classname="tests.LoginApp" name="apiLoginCarLoan" time="0.0">
    <ignored/>
  </testcase> <!-- apiLoginCarLoan -->
  <testcase classname="tests.LoginApp" name="webLoginCarLoan" time="0.0">
    <ignored/>
  </testcase> <!-- webLoginCarLoan -->
  <testcase classname="tests.Basics" name="secondTest" time="0.0">
    <ignored/>
  </testcase> <!-- secondTest -->
  <testcase classname="tests.LoginApp" name="mobileLoginCarLoan" time="0.0">
    <ignored/>
  </testcase> <!-- mobileLoginCarLoan -->
  <testcase classname="tests.LoginApp" name="mobileLogoutCarLoan" time="0.0">
    <ignored/>
  </testcase> <!-- mobileLogoutCarLoan -->
</testsuite> <!-- Regression -->
